<?xml version="1.0" encoding="UTF-8"?>
<testsuite xmlns:xsi="http://www.w3.org/2001/XMLSchema-instance" xsi:noNamespaceSchemaLocation="https://maven.apache.org/surefire/maven-surefire-plugin/xsd/surefire-test-report-3.0.xsd" version="3.0" name="MyBankTest" time="0.448" tests="7" errors="0" skipped="0" failures="0">
  <properties>
[...]
</properties>
  <testcase name="testSetAccountHolder" classname="MyBankTest" time="0.045"/>
  <testcase name="testWithdraw" classname="MyBankTest" time="0.011">
    <system-out><![CDATA[Withdrawn: $300.0
]]></system-out>
  </testcase>
  <testcase name="testInitialBalance" classname="MyBankTest" time="0.001"/>
  <testcase name="testWithdrawTooMuch" classname="MyBankTest" time="0.004">
    <system-out><![CDATA[Insufficient funds or invalid amount.
]]></system-out>
  </testcase>
  <testcase name="testPasswordEncryptionIncorrectPassword" classname="MyBankTest" time="0.261"/>
  <testcase name="testDeposit" classname="MyBankTest" time="0.014">
    <system-out><![CDATA[Deposited: $500.0
]]></system-out>
  </testcase>
  <testcase name="testPasswordEncryptionCorrectPassword" classname="MyBankTest" time="0.05"/>
</testsuite>